生成启动时间为 2017/10/2 星期一 15:31:50。
     1>项目“C:\Users\Administrator\Desktop\c艹code\snake1\snake1\snake1.vcxproj”在节点 2 上(Build 个目标)。
     1>ClCompile:
         E:\新建文件夹\VC\bin\CL.exe /c /ZI /W3 /WX- /sdl /Od /Oy- /D WIN32 /D _DEBUG /D _CONSOLE /D _LIB /D _UNICODE /D UNICODE /Gm /EHsc /RTC1 /MDd /GS /fp:precise /Zc:wchar_t /Zc:forScope /Fo"Debug\\" /Fd"Debug\vc120.pdb" /Gd /TP /analyze- /errorReport:prompt "源.cpp"
         用于 x86 的 Microsoft (R) C/C++ 优化编译器 18.00.31101 版版权所有(C) Microsoft Corporation。  保留所有权利。
         
         cl /c /ZI /W3 /WX- /sdl /Od /Oy- /D WIN32 /D _DEBUG /D _CONSOLE /D _LIB /D _UNICODE /D UNICODE /Gm /EHsc /RTC1 /MDd /GS /fp:precise /Zc:wchar_t /Zc:forScope /Fo"Debug\\" /Fd"Debug\vc120.pdb" /Gd /TP /analyze- /errorReport:prompt "源.cpp"
         
         源.cpp
     1>c:\program files (x86)\windows kits\8.1\include\shared\ws2def.h(100): warning C4005: “AF_IPX”: 宏重定义
                 c:\program files (x86)\windows kits\8.1\include\um\winsock.h(452) : 参见“AF_IPX”的前一个定义
     1>c:\program files (x86)\windows kits\8.1\include\shared\ws2def.h(140): warning C4005: “AF_MAX”: 宏重定义
                 c:\program files (x86)\windows kits\8.1\include\um\winsock.h(471) : 参见“AF_MAX”的前一个定义
     1>c:\program files (x86)\windows kits\8.1\include\shared\ws2def.h(177): warning C4005: “SO_DONTLINGER”: 宏重定义
                 c:\program files (x86)\windows kits\8.1\include\um\winsock.h(394) : 参见“SO_DONTLINGER”的前一个定义
     1>c:\program files (x86)\windows kits\8.1\include\shared\ws2def.h(221): error C2011: “sockaddr”:“struct”类型重定义
                 c:\program files (x86)\windows kits\8.1\include\um\winsock.h(477) : 参见“sockaddr”的声明
     1>c:\program files (x86)\windows kits\8.1\include\shared\ws2def.h(421): error C2059: 语法错误:“常量”
     1>c:\program files (x86)\windows kits\8.1\include\shared\ws2def.h(421): error C3805: “常量”:  意外标记，应输入“}”或者“,”
     1>c:\program files (x86)\windows kits\8.1\include\shared\ws2def.h(556): warning C4005: “IN_CLASSA”: 宏重定义
                 c:\program files (x86)\windows kits\8.1\include\um\winsock.h(279) : 参见“IN_CLASSA”的前一个定义
     1>c:\program files (x86)\windows kits\8.1\include\shared\ws2def.h(562): warning C4005: “IN_CLASSB”: 宏重定义
                 c:\program files (x86)\windows kits\8.1\include\um\winsock.h(285) : 参见“IN_CLASSB”的前一个定义
     1>c:\program files (x86)\windows kits\8.1\include\shared\ws2def.h(568): warning C4005: “IN_CLASSC”: 宏重定义
                 c:\program files (x86)\windows kits\8.1\include\um\winsock.h(291) : 参见“IN_CLASSC”的前一个定义
     1>c:\program files (x86)\windows kits\8.1\include\shared\ws2def.h(579): warning C4005: “INADDR_ANY”: 宏重定义
                 c:\program files (x86)\windows kits\8.1\include\um\winsock.h(296) : 参见“INADDR_ANY”的前一个定义
     1>c:\program files (x86)\windows kits\8.1\include\shared\ws2def.h(581): warning C4005: “INADDR_BROADCAST”: 宏重定义
                 c:\program files (x86)\windows kits\8.1\include\um\winsock.h(298) : 参见“INADDR_BROADCAST”的前一个定义
     1>c:\program files (x86)\windows kits\8.1\include\shared\ws2def.h(615): error C2011: “sockaddr_in”:“struct”类型重定义
                 c:\program files (x86)\windows kits\8.1\include\um\winsock.h(304) : 参见“sockaddr_in”的声明
     1>c:\program files (x86)\windows kits\8.1\include\um\winsock2.h(136): error C2011: “fd_set”:“struct”类型重定义
                 c:\program files (x86)\windows kits\8.1\include\um\winsock.h(60) : 参见“fd_set”的声明
     1>c:\program files (x86)\windows kits\8.1\include\um\winsock2.h(156): warning C4005: “FD_CLR”: 宏重定义
                 c:\program files (x86)\windows kits\8.1\include\um\winsock.h(89) : 参见“FD_CLR”的前一个定义
     1>c:\program files (x86)\windows kits\8.1\include\um\winsock2.h(171): warning C4005: “FD_SET”: 宏重定义
                 c:\program files (x86)\windows kits\8.1\include\um\winsock.h(94) : 参见“FD_SET”的前一个定义
     1>c:\program files (x86)\windows kits\8.1\include\um\winsock2.h(180): error C2011: “timeval”:“struct”类型重定义
                 c:\program files (x86)\windows kits\8.1\include\um\winsock.h(103) : 参见“timeval”的声明
     1>c:\program files (x86)\windows kits\8.1\include\um\winsock2.h(236): error C2011: “hostent”:“struct”类型重定义
                 c:\program files (x86)\windows kits\8.1\include\um\winsock.h(159) : 参见“hostent”的声明
     1>c:\program files (x86)\windows kits\8.1\include\um\winsock2.h(249): error C2011: “netent”:“struct”类型重定义
                 c:\program files (x86)\windows kits\8.1\include\um\winsock.h(172) : 参见“netent”的声明
     1>c:\program files (x86)\windows kits\8.1\include\um\winsock2.h(256): error C2011: “servent”:“struct”类型重定义
                 c:\program files (x86)\windows kits\8.1\include\um\winsock.h(179) : 参见“servent”的声明
     1>c:\program files (x86)\windows kits\8.1\include\um\winsock2.h(268): error C2011: “protoent”:“struct”类型重定义
                 c:\program files (x86)\windows kits\8.1\include\um\winsock.h(191) : 参见“protoent”的声明
     1>c:\program files (x86)\windows kits\8.1\include\um\winsock2.h(364): error C2011: “WSAData”:“struct”类型重定义
                 c:\program files (x86)\windows kits\8.1\include\um\winsock.h(314) : 参见“WSAData”的声明
     1>c:\program files (x86)\windows kits\8.1\include\um\winsock2.h(462): error C2011: “sockproto”:“struct”类型重定义
                 c:\program files (x86)\windows kits\8.1\include\um\winsock.h(486) : 参见“sockproto”的声明
     1>c:\program files (x86)\windows kits\8.1\include\um\winsock2.h(504): error C2011: “linger”:“struct”类型重定义
                 c:\program files (x86)\windows kits\8.1\include\um\winsock.h(523) : 参见“linger”的声明
     1>c:\program files (x86)\windows kits\8.1\include\um\winsock2.h(517): warning C4005: “SOMAXCONN”: 宏重定义
                 c:\program files (x86)\windows kits\8.1\include\um\winsock.h(536) : 参见“SOMAXCONN”的前一个定义
     1>c:\program files (x86)\windows kits\8.1\include\um\winsock2.h(551): warning C4005: “FD_READ”: 宏重定义
                 c:\program files (x86)\windows kits\8.1\include\um\winsock.h(554) : 参见“FD_READ”的前一个定义
     1>c:\program files (x86)\windows kits\8.1\include\um\winsock2.h(554): warning C4005: “FD_WRITE”: 宏重定义
                 c:\program files (x86)\windows kits\8.1\include\um\winsock.h(555) : 参见“FD_WRITE”的前一个定义
     1>c:\program files (x86)\windows kits\8.1\include\um\winsock2.h(557): warning C4005: “FD_OOB”: 宏重定义
                 c:\program files (x86)\windows kits\8.1\include\um\winsock.h(556) : 参见“FD_OOB”的前一个定义
     1>c:\program files (x86)\windows kits\8.1\include\um\winsock2.h(560): warning C4005: “FD_ACCEPT”: 宏重定义
                 c:\program files (x86)\windows kits\8.1\include\um\winsock.h(557) : 参见“FD_ACCEPT”的前一个定义
     1>c:\program files (x86)\windows kits\8.1\include\um\winsock2.h(563): warning C4005: “FD_CONNECT”: 宏重定义
                 c:\program files (x86)\windows kits\8.1\include\um\winsock.h(558) : 参见“FD_CONNECT”的前一个定义
     1>c:\program files (x86)\windows kits\8.1\include\um\winsock2.h(566): warning C4005: “FD_CLOSE”: 宏重定义
                 c:\program files (x86)\windows kits\8.1\include\um\winsock.h(559) : 参见“FD_CLOSE”的前一个定义
     1>c:\program files (x86)\windows kits\8.1\include\um\winsock2.h(1650): error C2375: “accept”: 重定义；不同的链接
                 c:\program files (x86)\windows kits\8.1\include\um\winsock.h(734) : 参见“accept”的声明
     1>c:\program files (x86)\windows kits\8.1\include\um\winsock2.h(1672): error C2375: “bind”: 重定义；不同的链接
                 c:\program files (x86)\windows kits\8.1\include\um\winsock.h(739) : 参见“bind”的声明
     1>c:\program files (x86)\windows kits\8.1\include\um\winsock2.h(1691): error C2375: “closesocket”: 重定义；不同的链接
                 c:\program files (x86)\windows kits\8.1\include\um\winsock.h(744) : 参见“closesocket”的声明
     1>c:\program files (x86)\windows kits\8.1\include\um\winsock2.h(1710): error C2375: “connect”: 重定义；不同的链接
                 c:\program files (x86)\windows kits\8.1\include\um\winsock.h(746) : 参见“connect”的声明
     1>c:\program files (x86)\windows kits\8.1\include\um\winsock2.h(1731): error C2375: “ioctlsocket”: 重定义；不同的链接
                 c:\program files (x86)\windows kits\8.1\include\um\winsock.h(751) : 参见“ioctlsocket”的声明
     1>c:\program files (x86)\windows kits\8.1\include\um\winsock2.h(1752): error C2375: “getpeername”: 重定义；不同的链接
                 c:\program files (x86)\windows kits\8.1\include\um\winsock.h(756) : 参见“getpeername”的声明
     1>c:\program files (x86)\windows kits\8.1\include\um\winsock2.h(1773): error C2375: “getsockname”: 重定义；不同的链接
                 c:\program files (x86)\windows kits\8.1\include\um\winsock.h(761) : 参见“getsockname”的声明
     1>c:\program files (x86)\windows kits\8.1\include\um\winsock2.h(1796): error C2375: “getsockopt”: 重定义；不同的链接
                 c:\program files (x86)\windows kits\8.1\include\um\winsock.h(766) : 参见“getsockopt”的声明
     1>c:\program files (x86)\windows kits\8.1\include\um\winsock2.h(1817): error C2375: “htonl”: 重定义；不同的链接
                 c:\program files (x86)\windows kits\8.1\include\um\winsock.h(773) : 参见“htonl”的声明
     1>c:\program files (x86)\windows kits\8.1\include\um\winsock2.h(1834): error C2375: “htons”: 重定义；不同的链接
                 c:\program files (x86)\windows kits\8.1\include\um\winsock.h(775) : 参见“htons”的声明
     1>c:\program files (x86)\windows kits\8.1\include\um\winsock2.h(1852): error C2375: “inet_addr”: 重定义；不同的链接
                 c:\program files (x86)\windows kits\8.1\include\um\winsock.h(777) : 参见“inet_addr”的声明
     1>c:\program files (x86)\windows kits\8.1\include\um\winsock2.h(1870): error C2375: “inet_ntoa”: 重定义；不同的链接
                 c:\program files (x86)\windows kits\8.1\include\um\winsock.h(779) : 参见“inet_ntoa”的声明
     1>c:\program files (x86)\windows kits\8.1\include\um\winsock2.h(1971): error C2375: “listen”: 重定义；不同的链接
                 c:\program files (x86)\windows kits\8.1\include\um\winsock.h(781) : 参见“listen”的声明
     1>c:\program files (x86)\windows kits\8.1\include\um\winsock2.h(1989): error C2375: “ntohl”: 重定义；不同的链接
                 c:\program files (x86)\windows kits\8.1\include\um\winsock.h(785) : 参见“ntohl”的声明
     1>c:\program files (x86)\windows kits\8.1\include\um\winsock2.h(2006): error C2375: “ntohs”: 重定义；不同的链接
                 c:\program files (x86)\windows kits\8.1\include\um\winsock.h(787) : 参见“ntohs”的声明
     1>c:\program files (x86)\windows kits\8.1\include\um\winsock2.h(2026): error C2375: “recv”: 重定义；不同的链接
                 c:\program files (x86)\windows kits\8.1\include\um\winsock.h(789) : 参见“recv”的声明
     1>c:\program files (x86)\windows kits\8.1\include\um\winsock2.h(2051): error C2375: “recvfrom”: 重定义；不同的链接
                 c:\program files (x86)\windows kits\8.1\include\um\winsock.h(795) : 参见“recvfrom”的声明
     1>c:\program files (x86)\windows kits\8.1\include\um\winsock2.h(2077): error C2375: “select”: 重定义；不同的链接
                 c:\program files (x86)\windows kits\8.1\include\um\winsock.h(803) : 参见“select”的声明
     1>c:\program files (x86)\windows kits\8.1\include\um\winsock2.h(2101): error C2375: “send”: 重定义；不同的链接
                 c:\program files (x86)\windows kits\8.1\include\um\winsock.h(810) : 参见“send”的声明
     1>c:\program files (x86)\windows kits\8.1\include\um\winsock2.h(2126): error C2375: “sendto”: 重定义；不同的链接
                 c:\program files (x86)\windows kits\8.1\include\um\winsock.h(816) : 参见“sendto”的声明
     1>c:\program files (x86)\windows kits\8.1\include\um\winsock2.h(2152): error C2375: “setsockopt”: 重定义；不同的链接
                 c:\program files (x86)\windows kits\8.1\include\um\winsock.h(824) : 参见“setsockopt”的声明
     1>c:\program files (x86)\windows kits\8.1\include\um\winsock2.h(2174): error C2375: “shutdown”: 重定义；不同的链接
                 c:\program files (x86)\windows kits\8.1\include\um\winsock.h(831) : 参见“shutdown”的声明
     1>c:\program files (x86)\windows kits\8.1\include\um\winsock2.h(2195): error C2375: “socket”: 重定义；不同的链接
                 c:\program files (x86)\windows kits\8.1\include\um\winsock.h(835) : 参见“socket”的声明
     1>c:\program files (x86)\windows kits\8.1\include\um\winsock2.h(2220): error C2375: “gethostbyaddr”: 重定义；不同的链接
                 c:\program files (x86)\windows kits\8.1\include\um\winsock.h(842) : 参见“gethostbyaddr”的声明
     1>c:\program files (x86)\windows kits\8.1\include\um\winsock2.h(2240): error C2375: “gethostbyname”: 重定义；不同的链接
                 c:\program files (x86)\windows kits\8.1\include\um\winsock.h(847) : 参见“gethostbyname”的声明
     1>c:\program files (x86)\windows kits\8.1\include\um\winsock2.h(2258): error C2375: “gethostname”: 重定义；不同的链接
                 c:\program files (x86)\windows kits\8.1\include\um\winsock.h(849) : 参见“gethostname”的声明
     1>c:\program files (x86)\windows kits\8.1\include\um\winsock2.h(2298): error C2375: “getservbyport”: 重定义；不同的链接
                 c:\program files (x86)\windows kits\8.1\include\um\winsock.h(853) : 参见“getservbyport”的声明
     1>c:\program files (x86)\windows kits\8.1\include\um\winsock2.h(2317): error C2375: “getservbyname”: 重定义；不同的链接
                 c:\program files (x86)\windows kits\8.1\include\um\winsock.h(857) : 参见“getservbyname”的声明
     1>c:\program files (x86)\windows kits\8.1\include\um\winsock2.h(2335): error C2375: “getprotobynumber”: 重定义；不同的链接
                 c:\program files (x86)\windows kits\8.1\include\um\winsock.h(861) : 参见“getprotobynumber”的声明
     1>c:\program files (x86)\windows kits\8.1\include\um\winsock2.h(2352): error C2375: “getprotobyname”: 重定义；不同的链接
                 c:\program files (x86)\windows kits\8.1\include\um\winsock.h(863) : 参见“getprotobyname”的声明
     1>c:\program files (x86)\windows kits\8.1\include\um\winsock2.h(2373): error C2375: “WSAStartup”: 重定义；不同的链接
                 c:\program files (x86)\windows kits\8.1\include\um\winsock.h(867) : 参见“WSAStartup”的声明
     1>c:\program files (x86)\windows kits\8.1\include\um\winsock2.h(2392): error C2375: “WSACleanup”: 重定义；不同的链接
                 c:\program files (x86)\windows kits\8.1\include\um\winsock.h(871) : 参见“WSACleanup”的声明
     1>c:\program files (x86)\windows kits\8.1\include\um\winsock2.h(2409): error C2375: “WSASetLastError”: 重定义；不同的链接
                 c:\program files (x86)\windows kits\8.1\include\um\winsock.h(873) : 参见“WSASetLastError”的声明
     1>c:\program files (x86)\windows kits\8.1\include\um\winsock2.h(2426): error C2375: “WSAGetLastError”: 重定义；不同的链接
                 c:\program files (x86)\windows kits\8.1\include\um\winsock.h(875) : 参见“WSAGetLastError”的声明
     1>c:\program files (x86)\windows kits\8.1\include\um\winsock2.h(2447): error C2375: “WSAIsBlocking”: 重定义；不同的链接
                 c:\program files (x86)\windows kits\8.1\include\um\winsock.h(877) : 参见“WSAIsBlocking”的声明
     1>c:\program files (x86)\windows kits\8.1\include\um\winsock2.h(2465): error C2375: “WSAUnhookBlockingHook”: 重定义；不同的链接
                 c:\program files (x86)\windows kits\8.1\include\um\winsock.h(879) : 参见“WSAUnhookBlockingHook”的声明
     1>c:\program files (x86)\windows kits\8.1\include\um\winsock2.h(2483): error C2375: “WSASetBlockingHook”: 重定义；不同的链接
                 c:\program files (x86)\windows kits\8.1\include\um\winsock.h(881) : 参见“WSASetBlockingHook”的声明
     1>c:\program files (x86)\windows kits\8.1\include\um\winsock2.h(2501): error C2375: “WSACancelBlockingCall”: 重定义；不同的链接
                 c:\program files (x86)\windows kits\8.1\include\um\winsock.h(883) : 参见“WSACancelBlockingCall”的声明
     1>c:\program files (x86)\windows kits\8.1\include\um\winsock2.h(2524): error C2375: “WSAAsyncGetServByName”: 重定义；不同的链接
                 c:\program files (x86)\windows kits\8.1\include\um\winsock.h(885) : 参见“WSAAsyncGetServByName”的声明
     1>c:\program files (x86)\windows kits\8.1\include\um\winsock2.h(2552): error C2375: “WSAAsyncGetServByPort”: 重定义；不同的链接
                 c:\program files (x86)\windows kits\8.1\include\um\winsock.h(893) : 参见“WSAAsyncGetServByPort”的声明
     1>c:\program files (x86)\windows kits\8.1\include\um\winsock2.h(2579): error C2375: “WSAAsyncGetProtoByName”: 重定义；不同的链接
                 c:\program files (x86)\windows kits\8.1\include\um\winsock.h(901) : 参见“WSAAsyncGetProtoByName”的声明
     1>c:\program files (x86)\windows kits\8.1\include\um\winsock2.h(2605): error C2375: “WSAAsyncGetProtoByNumber”: 重定义；不同的链接
                 c:\program files (x86)\windows kits\8.1\include\um\winsock.h(908) : 参见“WSAAsyncGetProtoByNumber”的声明
     1>c:\program files (x86)\windows kits\8.1\include\um\winsock2.h(2631): error C2375: “WSAAsyncGetHostByName”: 重定义；不同的链接
                 c:\program files (x86)\windows kits\8.1\include\um\winsock.h(915) : 参见“WSAAsyncGetHostByName”的声明
     1>c:\program files (x86)\windows kits\8.1\include\um\winsock2.h(2659): error C2375: “WSAAsyncGetHostByAddr”: 重定义；不同的链接
                 c:\program files (x86)\windows kits\8.1\include\um\winsock.h(922) : 参见“WSAAsyncGetHostByAddr”的声明
     1>c:\program files (x86)\windows kits\8.1\include\um\winsock2.h(2683): error C2375: “WSACancelAsyncRequest”: 重定义；不同的链接
                 c:\program files (x86)\windows kits\8.1\include\um\winsock.h(931) : 参见“WSACancelAsyncRequest”的声明
     1>c:\program files (x86)\windows kits\8.1\include\um\winsock2.h(2704): error C2375: “WSAAsyncSelect”: 重定义；不同的链接
                 c:\program files (x86)\windows kits\8.1\include\um\winsock.h(933) : 参见“WSAAsyncSelect”的声明
     1>c:\users\administrator\desktop\c艹code\snake1\snake1\源.cpp(52): error C2079: “wsd”使用未定义的 struct“WSAData”
     1>c:\users\administrator\desktop\c艹code\snake1\snake1\源.cpp(54): error C2079: “servAddr”使用未定义的 struct“sockaddr_in”
     1>c:\users\administrator\desktop\c艹code\snake1\snake1\源.cpp(59): error C3861: “WSAStartup”:  找不到标识符
     1>c:\users\administrator\desktop\c艹code\snake1\snake1\源.cpp(65): error C2568: “=”: 无法解析函数重载
                 c:\program files (x86)\windows kits\8.1\include\um\winsock.h(835): 可能是“SOCKET socket(int,int,int)”
     1>c:\users\administrator\desktop\c艹code\snake1\snake1\源.cpp(65): error C3861: “socket”:  找不到标识符
     1>c:\users\administrator\desktop\c艹code\snake1\snake1\源.cpp(69): error C3861: “WSACleanup”:  找不到标识符
     1>c:\users\administrator\desktop\c艹code\snake1\snake1\源.cpp(74): error C2228: “.sin_family”的左边必须有类/结构/联合
                 类型是“int”
     1>c:\users\administrator\desktop\c艹code\snake1\snake1\源.cpp(75): error C2228: “.sin_addr”的左边必须有类/结构/联合
                 类型是“int”
     1>c:\users\administrator\desktop\c艹code\snake1\snake1\源.cpp(75): error C2228: “.S_un”的左边必须有类/结构/联合
     1>c:\users\administrator\desktop\c艹code\snake1\snake1\源.cpp(75): error C2228: “.S_addr”的左边必须有类/结构/联合
     1>c:\users\administrator\desktop\c艹code\snake1\snake1\源.cpp(75): error C3861: “inet_addr”:  找不到标识符
     1>c:\users\administrator\desktop\c艹code\snake1\snake1\源.cpp(76): error C2228: “.sin_port”的左边必须有类/结构/联合
                 类型是“int”
     1>c:\users\administrator\desktop\c艹code\snake1\snake1\源.cpp(76): error C3861: “htons”:  找不到标识符
     1>c:\users\administrator\desktop\c艹code\snake1\snake1\源.cpp(80): error C2568: “=”: 无法解析函数重载
                 c:\program files (x86)\windows kits\8.1\include\um\winsock.h(746): 可能是“int connect(SOCKET,const sockaddr *,int)”
     1>c:\users\administrator\desktop\c艹code\snake1\snake1\源.cpp(80): error C3861: “connect”:  找不到标识符
     1>c:\users\administrator\desktop\c艹code\snake1\snake1\源.cpp(84): error C3861: “closesocket”:  找不到标识符
     1>c:\users\administrator\desktop\c艹code\snake1\snake1\源.cpp(85): error C3861: “WSACleanup”:  找不到标识符
     1>c:\users\administrator\desktop\c艹code\snake1\snake1\源.cpp(93): error C2568: “=”: 无法解析函数重载
                 c:\program files (x86)\windows kits\8.1\include\um\winsock.h(810): 可能是“int send(SOCKET,const char *,int,int)”
     1>c:\users\administrator\desktop\c艹code\snake1\snake1\源.cpp(93): error C3861: “send”:  找不到标识符
     1>c:\users\administrator\desktop\c艹code\snake1\snake1\源.cpp(97): error C3861: “closesocket”:  找不到标识符
     1>c:\users\administrator\desktop\c艹code\snake1\snake1\源.cpp(98): error C3861: “WSACleanup”:  找不到标识符
     1>c:\users\administrator\desktop\c艹code\snake1\snake1\源.cpp(103): error C3861: “recv”:  找不到标识符
     1>c:\users\administrator\desktop\c艹code\snake1\snake1\源.cpp(108): error C3861: “closesocket”:  找不到标识符
     1>c:\users\administrator\desktop\c艹code\snake1\snake1\源.cpp(109): error C3861: “WSACleanup”:  找不到标识符
     1>c:\users\administrator\desktop\c艹code\snake1\snake1\源.cpp(124): error C3861: “recv”:  找不到标识符
     1>c:\users\administrator\desktop\c艹code\snake1\snake1\源.cpp(139): error C2568: “=”: 无法解析函数重载
                 c:\program files (x86)\windows kits\8.1\include\um\winsock.h(810): 可能是“int send(SOCKET,const char *,int,int)”
     1>c:\users\administrator\desktop\c艹code\snake1\snake1\源.cpp(139): error C3861: “send”:  找不到标识符
     1>c:\users\administrator\desktop\c艹code\snake1\snake1\源.cpp(143): error C3861: “closesocket”:  找不到标识符
     1>c:\users\administrator\desktop\c艹code\snake1\snake1\源.cpp(144): error C3861: “WSACleanup”:  找不到标识符
     1>已完成生成项目“C:\Users\Administrator\Desktop\c艹code\snake1\snake1\snake1.vcxproj”(Build 个目标)的操作 - 失败。

生成失败。

已用时间 00:00:01.12
